\BOOKMARK [0][-]{chapter*.2}{\376\377\000C\000o\000u\000r\000s\000e\000\040\000S\000y\000l\000l\000a\000b\000u\000s}{}% 1
\BOOKMARK [1][-]{section*.3}{\376\377\000P\000r\000e\000-\000r\000e\000q\000u\000i\000i\000t\000e\000s}{chapter*.2}% 2
\BOOKMARK [1][-]{section*.4}{\376\377\000L\000e\000a\000r\000n\000i\000n\000g\000\040\000O\000b\000j\000e\000c\000t\000i\000v\000e\000s}{chapter*.2}% 3
\BOOKMARK [1][-]{section*.5}{\376\377\000L\000e\000a\000r\000n\000i\000n\000g\000\040\000O\000u\000t\000c\000o\000m\000e\000s}{chapter*.2}% 4
\BOOKMARK [1][-]{section*.6}{\376\377\000O\000u\000t\000l\000i\000n\000e\000\040\000S\000y\000l\000l\000a\000b\000u\000s}{chapter*.2}% 5
\BOOKMARK [1][-]{section*.7}{\376\377\000M\000e\000t\000h\000o\000d\000\040\000o\000f\000\040\000A\000s\000s\000e\000s\000s\000m\000e\000n\000t}{chapter*.2}% 6
\BOOKMARK [1][-]{section*.8}{\376\377\000L\000e\000c\000t\000u\000r\000e\000r}{chapter*.2}% 7
\BOOKMARK [1][-]{section*.9}{\376\377\000S\000c\000h\000e\000d\000u\000l\000e}{chapter*.2}% 8
\BOOKMARK [1][-]{section*.10}{\376\377\000C\000o\000p\000y\000r\000i\000g\000h\000t\000\040\000N\000o\000t\000i\000c\000e}{chapter*.2}% 9
\BOOKMARK [0][-]{chapter.1}{\376\377\000I\000n\000t\000o\000r\000d\000u\000t\000i\000o\000n\000\040\000t\000o\000\040\000T\000i\000m\000e\000\040\000S\000e\000r\000i\000e\000s\000\040\000F\000o\000r\000e\000c\000a\000s\000t\000i\000n\000g}{}% 10
\BOOKMARK [0][-]{chapter.2}{\376\377\000A\000R\000I\000M\000A\000\040\000m\000o\000d\000e\000l\000s}{}% 11
\BOOKMARK [1][-]{section.2.1}{\376\377\000S\000t\000a\000t\000i\000o\000n\000a\000r\000i\000t\000y\000\040\000a\000n\000d\000\040\000d\000i\000f\000f\000e\000r\000e\000n\000c\000i\000n\000g}{chapter.2}% 12
\BOOKMARK [1][-]{section.2.2}{\376\377\000N\000o\000n\000-\000s\000e\000a\000s\000o\000n\000a\000l\000\040\000A\000R\000I\000M\000A\000\040\000m\000o\000d\000e\000l\000s}{chapter.2}% 13
\BOOKMARK [1][-]{section.2.3}{\376\377\000E\000s\000t\000i\000m\000a\000t\000i\000o\000n\000\040\000a\000n\000d\000\040\000o\000r\000d\000e\000r\000\040\000s\000e\000l\000e\000c\000t\000i\000o\000n}{chapter.2}% 14
\BOOKMARK [1][-]{section.2.4}{\376\377\000S\000e\000a\000s\000o\000n\000a\000l\000\040\000A\000R\000I\000M\000A\000\040\000m\000o\000d\000e\000l\000s}{chapter.2}% 15
\BOOKMARK [1][-]{section.2.5}{\376\377\000T\000h\000e\000o\000r\000e\000t\000i\000c\000a\000l\000\040\000p\000r\000o\000p\000e\000r\000t\000i\000e\000s\000\040\000o\000f\000\040\000t\000h\000e\000\040\000m\000o\000d\000e\000l\000s}{chapter.2}% 16
\BOOKMARK [1][-]{section.2.6}{\376\377\000U\000n\000i\000t\000\040\000r\000o\000o\000t\000\040\000t\000e\000s\000t\000s}{chapter.2}% 17
\BOOKMARK [1][-]{section.2.7}{\376\377\000A\000R\000I\000M\000A\000\040\000m\000o\000d\000e\000l\000l\000i\000n\000g\000\040\000i\000n\000\040\000R}{chapter.2}% 18
\BOOKMARK [1][-]{section.2.8}{\376\377\000F\000o\000r\000e\000c\000a\000s\000t\000i\000n\000g}{chapter.2}% 19
\BOOKMARK [1][-]{section.2.9}{\376\377\000R\000e\000f\000e\000r\000e\000n\000c\000e\000s\000:}{chapter.2}% 20
\BOOKMARK [0][-]{chapter.3}{\376\377\000E\000x\000p\000o\000n\000e\000n\000t\000i\000a\000l\000\040\000S\000m\000o\000o\000t\000h\000i\000n\000g}{}% 21
\BOOKMARK [1][-]{section.3.1}{\376\377\000I\000n\000t\000r\000o\000d\000u\000c\000t\000i\000o\000n}{chapter.3}% 22
\BOOKMARK [1][-]{section.3.2}{\376\377\000S\000i\000m\000p\000l\000e\000\040\000e\000x\000p\000o\000n\000e\000n\000t\000i\000a\000l\000\040\000s\000m\000o\000o\000t\000h\000i\000n\000g}{chapter.3}% 23
\BOOKMARK [1][-]{section.3.3}{\376\377\000M\000o\000d\000e\000l\000s\000\040\000w\000i\000t\000h\000\040\000t\000r\000e\000n\000d}{chapter.3}% 24
\BOOKMARK [1][-]{section.3.4}{\376\377\000M\000o\000d\000e\000l\000s\000\040\000w\000i\000t\000h\000\040\000s\000e\000a\000s\000o\000n\000a\000l\000i\000t\000y}{chapter.3}% 25
\BOOKMARK [1][-]{section.3.5}{\376\377\000I\000n\000n\000o\000v\000a\000t\000i\000o\000n\000s\000\040\000s\000t\000a\000t\000e\000\040\000s\000p\000a\000c\000e\000\040\000m\000o\000d\000e\000l\000s}{chapter.3}% 26
\BOOKMARK [1][-]{section.3.6}{\376\377\000F\000o\000r\000e\000c\000a\000s\000t\000i\000n\000g\000\040\000w\000i\000t\000h\000\040\000e\000x\000p\000o\000n\000e\000n\000t\000i\000a\000l\000\040\000s\000m\000o\000o\000t\000h\000i\000n\000g}{chapter.3}% 27
\BOOKMARK [1][-]{section.3.7}{\376\377\000A\000R\000I\000M\000A\000\040\000v\000s\000\040\000E\000T\000S}{chapter.3}% 28
\BOOKMARK [1][-]{section.3.8}{\376\377\000R\000e\000f\000e\000r\000e\000n\000c\000e\000s\000:}{chapter.3}% 29
\BOOKMARK [0][-]{chapter.4}{\376\377\000V\000o\000l\000a\000t\000i\000l\000i\000t\000y\000\040\000M\000o\000d\000e\000l\000s}{}% 30
\BOOKMARK [1][-]{section.4.1}{\376\377\000I\000n\000t\000r\000o\000d\000u\000c\000t\000i\000o\000n}{chapter.4}% 31
\BOOKMARK [1][-]{section.4.2}{\376\377\000S\000t\000r\000u\000c\000t\000u\000r\000e\000\040\000o\000f\000\040\000a\000\040\000M\000o\000d\000e\000l\000\040\000f\000o\000r\000\040\000A\000s\000s\000e\000t\000\040\000R\000e\000t\000u\000r\000n\000s}{chapter.4}% 32
\BOOKMARK [1][-]{section.4.3}{\376\377\000M\000o\000d\000e\000l\000\040\000B\000u\000i\000l\000d\000i\000n\000g}{chapter.4}% 33
\BOOKMARK [1][-]{section.4.4}{\376\377\000T\000e\000s\000t\000i\000n\000g\000\040\000f\000o\000r\000\040\000A\000R\000C\000H\000\040\000E\000f\000f\000e\000c\000t}{chapter.4}% 34
\BOOKMARK [1][-]{section.4.5}{\376\377\000A\000u\000t\000o\000r\000e\000g\000r\000e\000s\000s\000i\000v\000e\000\040\000C\000o\000n\000d\000i\000t\000i\000o\000n\000a\000l\000\040\000H\000e\000t\000e\000r\000o\000s\000k\000e\000d\000a\000s\000t\000i\000c\000\040\000\050\000A\000R\000C\000H\000\051\000\040\000M\000o\000d\000e\000l\000s}{chapter.4}% 35
\BOOKMARK [1][-]{section.4.6}{\376\377\000G\000e\000n\000e\000r\000a\000l\000i\000z\000e\000d\000\040\000A\000R\000C\000H\000\040\000\050\000G\000A\000R\000C\000H\000\051\000\040\000M\000o\000d\000e\000l\000s}{chapter.4}% 36
\BOOKMARK [1][-]{section.4.7}{\376\377\000T\000h\000e\000\040\000A\000R\000M\000A\000-\000G\000A\000R\000C\000H\000\040\000M\000o\000d\000e\000l\000s}{chapter.4}% 37
\BOOKMARK [1][-]{section.4.8}{\376\377\000O\000t\000h\000e\000r\000\040\000A\000R\000C\000H\000-\000T\000y\000p\000e\000\040\000M\000o\000d\000e\000l\000s}{chapter.4}% 38
\BOOKMARK [1][-]{section.4.9}{\376\377\000A\000s\000y\000m\000m\000e\000t\000r\000y\000\040\000i\000n\000\040\000V\000o\000l\000a\000t\000i\000l\000i\000t\000y}{chapter.4}% 39
\BOOKMARK [1][-]{section.4.10}{\376\377\000T\000h\000e\000\040\000e\000x\000p\000o\000n\000e\000n\000t\000i\000a\000l\000\040\000G\000A\000R\000C\000H\000\040\000m\000o\000d\000e\000l}{chapter.4}% 40
\BOOKMARK [1][-]{section.4.11}{\376\377\000S\000t\000o\000c\000h\000a\000s\000t\000i\000c\000\040\000V\000o\000l\000a\000t\000i\000l\000i\000t\000y\000\040\000M\000o\000d\000e\000l\000s}{chapter.4}% 41
\BOOKMARK [1][-]{section.4.12}{\376\377\000R\000e\000f\000e\000r\000e\000n\000c\000e\000s\000:}{chapter.4}% 42
\BOOKMARK [0][-]{chapter.5}{\376\377\000M\000u\000l\000t\000i\000v\000a\000r\000i\000a\000t\000e\000\040\000T\000i\000m\000e\000\040\000S\000e\000r\000i\000e\000s\000\040\000M\000o\000d\000e\000l\000l\000i\000n\000g}{}% 43
\BOOKMARK [1][-]{section.5.1}{\376\377\000I\000n\000t\000r\000o\000d\000u\000c\000t\000i\000o\000n}{chapter.5}% 44
\BOOKMARK [1][-]{section.5.2}{\376\377\000T\000h\000e\000\040\000C\000r\000o\000s\000s\000-\000C\000o\000r\000r\000e\000l\000a\000t\000i\000o\000n\000\040\000F\000u\000n\000c\000t\000i\000o\000n}{chapter.5}% 45
\BOOKMARK [1][-]{section.5.3}{\376\377\000V\000e\000c\000t\000o\000r\000\040\000A\000u\000t\000o\000r\000e\000g\000r\000e\000s\000s\000i\000v\000e\000\040\000M\000o\000d\000e\000l\000s}{chapter.5}% 46
\BOOKMARK [1][-]{section.5.4}{\376\377\000F\000i\000t\000t\000i\000n\000g\000\040\000V\000A\000R\000\040\000a\000n\000d\000\040\000V\000A\000R\000M\000A\000\040\000m\000o\000d\000e\000l\000s}{chapter.5}% 47
\BOOKMARK [1][-]{section.5.5}{\376\377\000G\000r\000a\000n\000g\000e\000r\000\040\000C\000a\000u\000s\000a\000l\000i\000t\000y\000\040\000T\000e\000s\000t\000s}{chapter.5}% 48
\BOOKMARK [1][-]{section.5.6}{\376\377\000C\000o\000i\000n\000t\000e\000g\000r\000a\000t\000i\000o\000n}{chapter.5}% 49
\BOOKMARK [1][-]{section.5.7}{\376\377\000R\000e\000f\000e\000r\000e\000n\000c\000e\000s\000:}{chapter.5}% 50
